{"/home/giles/Projects/javascript-basics/src/arrays.js": {"path":"/home/giles/Projects/javascript-basics/src/arrays.js","statementMap":{"0":{"start":{"line":1,"column":22},"end":{"line":3,"column":1}},"1":{"start":{"line":2,"column":2},"end":{"line":2,"column":37}},"2":{"start":{"line":5,"column":25},"end":{"line":7,"column":1}},"3":{"start":{"line":6,"column":2},"end":{"line":6,"column":26}},"4":{"start":{"line":9,"column":25},"end":{"line":11,"column":1}},"5":{"start":{"line":10,"column":2},"end":{"line":10,"column":27}},"6":{"start":{"line":13,"column":19},"end":{"line":15,"column":1}},"7":{"start":{"line":14,"column":2},"end":{"line":14,"column":22}},"8":{"start":{"line":17,"column":20},"end":{"line":19,"column":1}},"9":{"start":{"line":18,"column":2},"end":{"line":18,"column":40}},"10":{"start":{"line":21,"column":25},"end":{"line":23,"column":1}},"11":{"start":{"line":22,"column":2},"end":{"line":22,"column":31}},"12":{"start":{"line":25,"column":25},"end":{"line":30,"column":1}},"13":{"start":{"line":26,"column":2},"end":{"line":28,"column":3}},"14":{"start":{"line":26,"column":15},"end":{"line":26,"column":16}},"15":{"start":{"line":27,"column":4},"end":{"line":27,"column":36}},"16":{"start":{"line":29,"column":2},"end":{"line":29,"column":17}},"17":{"start":{"line":32,"column":30},"end":{"line":37,"column":1}},"18":{"start":{"line":33,"column":2},"end":{"line":35,"column":3}},"19":{"start":{"line":33,"column":15},"end":{"line":33,"column":16}},"20":{"start":{"line":34,"column":4},"end":{"line":34,"column":43}},"21":{"start":{"line":36,"column":2},"end":{"line":36,"column":17}},"22":{"start":{"line":39,"column":28},"end":{"line":44,"column":1}},"23":{"start":{"line":40,"column":2},"end":{"line":42,"column":3}},"24":{"start":{"line":40,"column":15},"end":{"line":40,"column":16}},"25":{"start":{"line":41,"column":4},"end":{"line":41,"column":58}},"26":{"start":{"line":43,"column":2},"end":{"line":43,"column":17}},"27":{"start":{"line":46,"column":17},"end":{"line":55,"column":1}},"28":{"start":{"line":47,"column":2},"end":{"line":53,"column":3}},"29":{"start":{"line":47,"column":14},"end":{"line":47,"column":15}},"30":{"start":{"line":48,"column":4},"end":{"line":52,"column":5}},"31":{"start":{"line":51,"column":6},"end":{"line":51,"column":26}},"32":{"start":{"line":54,"column":2},"end":{"line":54,"column":17}},"33":{"start":{"line":57,"column":26},"end":{"line":61,"column":1}},"34":{"start":{"line":58,"column":17},"end":{"line":58,"column":30}},"35":{"start":{"line":59,"column":2},"end":{"line":59,"column":25}},"36":{"start":{"line":60,"column":2},"end":{"line":60,"column":16}},"37":{"start":{"line":63,"column":35},"end":{"line":74,"column":1}},"38":{"start":{"line":64,"column":17},"end":{"line":64,"column":42}},"39":{"start":{"line":65,"column":2},"end":{"line":72,"column":3}},"40":{"start":{"line":65,"column":15},"end":{"line":65,"column":16}},"41":{"start":{"line":66,"column":4},"end":{"line":71,"column":5}},"42":{"start":{"line":69,"column":6},"end":{"line":69,"column":26}},"43":{"start":{"line":70,"column":6},"end":{"line":70,"column":10}},"44":{"start":{"line":73,"column":2},"end":{"line":73,"column":102}},"45":{"start":{"line":73,"column":64},"end":{"line":73,"column":96}},"46":{"start":{"line":76,"column":21},"end":{"line":78,"column":1}},"47":{"start":{"line":77,"column":2},"end":{"line":77,"column":36}},"48":{"start":{"line":80,"column":19},"end":{"line":83,"column":1}},"49":{"start":{"line":81,"column":17},"end":{"line":81,"column":18}},"50":{"start":{"line":82,"column":2},"end":{"line":82,"column":59}},"51":{"start":{"line":82,"column":39},"end":{"line":82,"column":49}},"52":{"start":{"line":85,"column":25},"end":{"line":90,"column":1}},"53":{"start":{"line":87,"column":4},"end":{"line":87,"column":65}},"54":{"start":{"line":89,"column":2},"end":{"line":89,"column":30}},"55":{"start":{"line":92,"column":0},"end":{"line":108,"column":2}}},"fnMap":{"0":{"name":"(anonymous_0)","decl":{"start":{"line":1,"column":22},"end":{"line":1,"column":23}},"loc":{"start":{"line":1,"column":40},"end":{"line":3,"column":1}},"line":1},"1":{"name":"(anonymous_1)","decl":{"start":{"line":5,"column":25},"end":{"line":5,"column":26}},"loc":{"start":{"line":5,"column":34},"end":{"line":7,"column":1}},"line":5},"2":{"name":"(anonymous_2)","decl":{"start":{"line":9,"column":25},"end":{"line":9,"column":26}},"loc":{"start":{"line":9,"column":35},"end":{"line":11,"column":1}},"line":9},"3":{"name":"(anonymous_3)","decl":{"start":{"line":13,"column":19},"end":{"line":13,"column":20}},"loc":{"start":{"line":13,"column":39},"end":{"line":15,"column":1}},"line":13},"4":{"name":"(anonymous_4)","decl":{"start":{"line":17,"column":20},"end":{"line":17,"column":21}},"loc":{"start":{"line":17,"column":40},"end":{"line":19,"column":1}},"line":17},"5":{"name":"(anonymous_5)","decl":{"start":{"line":21,"column":25},"end":{"line":21,"column":26}},"loc":{"start":{"line":21,"column":43},"end":{"line":23,"column":1}},"line":21},"6":{"name":"(anonymous_6)","decl":{"start":{"line":25,"column":25},"end":{"line":25,"column":26}},"loc":{"start":{"line":25,"column":36},"end":{"line":30,"column":1}},"line":25},"7":{"name":"(anonymous_7)","decl":{"start":{"line":32,"column":30},"end":{"line":32,"column":31}},"loc":{"start":{"line":32,"column":41},"end":{"line":37,"column":1}},"line":32},"8":{"name":"(anonymous_8)","decl":{"start":{"line":39,"column":28},"end":{"line":39,"column":29}},"loc":{"start":{"line":39,"column":39},"end":{"line":44,"column":1}},"line":39},"9":{"name":"(anonymous_9)","decl":{"start":{"line":46,"column":17},"end":{"line":46,"column":18}},"loc":{"start":{"line":46,"column":28},"end":{"line":55,"column":1}},"line":46},"10":{"name":"(anonymous_10)","decl":{"start":{"line":57,"column":26},"end":{"line":57,"column":27}},"loc":{"start":{"line":57,"column":44},"end":{"line":61,"column":1}},"line":57},"11":{"name":"(anonymous_11)","decl":{"start":{"line":63,"column":35},"end":{"line":63,"column":36}},"loc":{"start":{"line":63,"column":46},"end":{"line":74,"column":1}},"line":63},"12":{"name":"(anonymous_12)","decl":{"start":{"line":73,"column":33},"end":{"line":73,"column":34}},"loc":{"start":{"line":73,"column":64},"end":{"line":73,"column":96}},"line":73},"13":{"name":"(anonymous_13)","decl":{"start":{"line":76,"column":21},"end":{"line":76,"column":22}},"loc":{"start":{"line":76,"column":31},"end":{"line":78,"column":1}},"line":76},"14":{"name":"(anonymous_14)","decl":{"start":{"line":80,"column":19},"end":{"line":80,"column":20}},"loc":{"start":{"line":80,"column":30},"end":{"line":83,"column":1}},"line":80},"15":{"name":"(anonymous_15)","decl":{"start":{"line":82,"column":24},"end":{"line":82,"column":25}},"loc":{"start":{"line":82,"column":39},"end":{"line":82,"column":49}},"line":82},"16":{"name":"(anonymous_16)","decl":{"start":{"line":85,"column":25},"end":{"line":85,"column":26}},"loc":{"start":{"line":85,"column":36},"end":{"line":90,"column":1}},"line":85},"17":{"name":"CompFn","decl":{"start":{"line":86,"column":11},"end":{"line":86,"column":17}},"loc":{"start":{"line":86,"column":24},"end":{"line":88,"column":3}},"line":86}},"branchMap":{"0":{"loc":{"start":{"line":48,"column":4},"end":{"line":52,"column":5}},"type":"if","locations":[{"start":{"line":48,"column":4},"end":{"line":52,"column":5}},{"start":{"line":50,"column":9},"end":{"line":52,"column":5}}],"line":48},"1":{"loc":{"start":{"line":66,"column":4},"end":{"line":71,"column":5}},"type":"if","locations":[{"start":{"line":66,"column":4},"end":{"line":71,"column":5}},{"start":{"line":68,"column":9},"end":{"line":71,"column":5}}],"line":66}},"s":{"0":1,"1":5,"2":1,"3":2,"4":1,"5":2,"6":1,"7":2,"8":1,"9":2,"10":1,"11":2,"12":1,"13":2,"14":2,"15":6,"16":2,"17":1,"18":2,"19":2,"20":6,"21":2,"22":1,"23":2,"24":2,"25":6,"26":2,"27":1,"28":2,"29":2,"30":9,"31":8,"32":2,"33":1,"34":2,"35":2,"36":2,"37":1,"38":4,"39":4,"40":4,"41":58,"42":44,"43":44,"44":4,"45":14,"46":1,"47":2,"48":1,"49":2,"50":2,"51":9,"52":1,"53":11,"54":2,"55":1},"f":{"0":5,"1":2,"2":2,"3":2,"4":2,"5":2,"6":2,"7":2,"8":2,"9":2,"10":2,"11":4,"12":14,"13":2,"14":2,"15":9,"16":2,"17":11},"b":{"0":[1,8],"1":[14,44]},"_coverageSchema":"1a1c01bbd47fc00a2c39e90264f33305004495a9","hash":"81c81c221e642b1f7a9c09178951e0bc75eafb37"}
,"/home/giles/Projects/javascript-basics/src/booleans.js": {"path":"/home/giles/Projects/javascript-basics/src/booleans.js","statementMap":{"0":{"start":{"line":2,"column":2},"end":{"line":2,"column":12}},"1":{"start":{"line":6,"column":2},"end":{"line":6,"column":16}},"2":{"start":{"line":10,"column":2},"end":{"line":10,"column":16}},"3":{"start":{"line":14,"column":2},"end":{"line":14,"column":19}},"4":{"start":{"line":18,"column":2},"end":{"line":18,"column":18}},"5":{"start":{"line":22,"column":2},"end":{"line":27,"column":3}},"6":{"start":{"line":23,"column":4},"end":{"line":23,"column":16}},"7":{"start":{"line":26,"column":4},"end":{"line":26,"column":17}},"8":{"start":{"line":31,"column":2},"end":{"line":31,"column":15}},"9":{"start":{"line":35,"column":2},"end":{"line":35,"column":15}},"10":{"start":{"line":39,"column":2},"end":{"line":39,"column":16}},"11":{"start":{"line":43,"column":2},"end":{"line":43,"column":21}},"12":{"start":{"line":47,"column":2},"end":{"line":47,"column":23}},"13":{"start":{"line":51,"column":2},"end":{"line":51,"column":42}},"14":{"start":{"line":55,"column":2},"end":{"line":55,"column":37}},"15":{"start":{"line":59,"column":20},"end":{"line":59,"column":21}},"16":{"start":{"line":60,"column":14},"end":{"line":60,"column":34}},"17":{"start":{"line":61,"column":17},"end":{"line":61,"column":42}},"18":{"start":{"line":62,"column":2},"end":{"line":66,"column":3}},"19":{"start":{"line":63,"column":4},"end":{"line":65,"column":5}},"20":{"start":{"line":64,"column":6},"end":{"line":64,"column":20}},"21":{"start":{"line":67,"column":2},"end":{"line":67,"column":25}},"22":{"start":{"line":71,"column":2},"end":{"line":71,"column":41}},"23":{"start":{"line":74,"column":0},"end":{"line":90,"column":2}}},"fnMap":{"0":{"name":"negate","decl":{"start":{"line":1,"column":9},"end":{"line":1,"column":15}},"loc":{"start":{"line":1,"column":19},"end":{"line":3,"column":1}},"line":1},"1":{"name":"both","decl":{"start":{"line":5,"column":9},"end":{"line":5,"column":13}},"loc":{"start":{"line":5,"column":20},"end":{"line":7,"column":1}},"line":5},"2":{"name":"either","decl":{"start":{"line":9,"column":9},"end":{"line":9,"column":15}},"loc":{"start":{"line":9,"column":22},"end":{"line":11,"column":1}},"line":9},"3":{"name":"none","decl":{"start":{"line":13,"column":9},"end":{"line":13,"column":13}},"loc":{"start":{"line":13,"column":20},"end":{"line":15,"column":1}},"line":13},"4":{"name":"one","decl":{"start":{"line":17,"column":9},"end":{"line":17,"column":12}},"loc":{"start":{"line":17,"column":19},"end":{"line":19,"column":1}},"line":17},"5":{"name":"truthiness","decl":{"start":{"line":21,"column":9},"end":{"line":21,"column":19}},"loc":{"start":{"line":21,"column":23},"end":{"line":28,"column":1}},"line":21},"6":{"name":"isEqual","decl":{"start":{"line":30,"column":9},"end":{"line":30,"column":16}},"loc":{"start":{"line":30,"column":23},"end":{"line":32,"column":1}},"line":30},"7":{"name":"isGreaterThan","decl":{"start":{"line":34,"column":9},"end":{"line":34,"column":22}},"loc":{"start":{"line":34,"column":29},"end":{"line":36,"column":1}},"line":34},"8":{"name":"isLessThanOrEqualTo","decl":{"start":{"line":38,"column":9},"end":{"line":38,"column":28}},"loc":{"start":{"line":38,"column":35},"end":{"line":40,"column":1}},"line":38},"9":{"name":"isOdd","decl":{"start":{"line":42,"column":9},"end":{"line":42,"column":14}},"loc":{"start":{"line":42,"column":18},"end":{"line":44,"column":1}},"line":42},"10":{"name":"isEven","decl":{"start":{"line":46,"column":9},"end":{"line":46,"column":15}},"loc":{"start":{"line":46,"column":19},"end":{"line":48,"column":1}},"line":46},"11":{"name":"isSquare","decl":{"start":{"line":50,"column":9},"end":{"line":50,"column":17}},"loc":{"start":{"line":50,"column":21},"end":{"line":52,"column":1}},"line":50},"12":{"name":"startsWith","decl":{"start":{"line":54,"column":9},"end":{"line":54,"column":19}},"loc":{"start":{"line":54,"column":34},"end":{"line":56,"column":1}},"line":54},"13":{"name":"containsVowels","decl":{"start":{"line":58,"column":9},"end":{"line":58,"column":23}},"loc":{"start":{"line":58,"column":32},"end":{"line":68,"column":1}},"line":58},"14":{"name":"isLowerCase","decl":{"start":{"line":70,"column":9},"end":{"line":70,"column":20}},"loc":{"start":{"line":70,"column":29},"end":{"line":72,"column":1}},"line":70}},"branchMap":{"0":{"loc":{"start":{"line":6,"column":9},"end":{"line":6,"column":15}},"type":"binary-expr","locations":[{"start":{"line":6,"column":9},"end":{"line":6,"column":10}},{"start":{"line":6,"column":14},"end":{"line":6,"column":15}}],"line":6},"1":{"loc":{"start":{"line":10,"column":9},"end":{"line":10,"column":15}},"type":"binary-expr","locations":[{"start":{"line":10,"column":9},"end":{"line":10,"column":10}},{"start":{"line":10,"column":14},"end":{"line":10,"column":15}}],"line":10},"2":{"loc":{"start":{"line":14,"column":11},"end":{"line":14,"column":17}},"type":"binary-expr","locations":[{"start":{"line":14,"column":11},"end":{"line":14,"column":12}},{"start":{"line":14,"column":16},"end":{"line":14,"column":17}}],"line":14},"3":{"loc":{"start":{"line":22,"column":2},"end":{"line":27,"column":3}},"type":"if","locations":[{"start":{"line":22,"column":2},"end":{"line":27,"column":3}},{"start":{"line":25,"column":7},"end":{"line":27,"column":3}}],"line":22},"4":{"loc":{"start":{"line":51,"column":9},"end":{"line":51,"column":41}},"type":"binary-expr","locations":[{"start":{"line":51,"column":9},"end":{"line":51,"column":31}},{"start":{"line":51,"column":35},"end":{"line":51,"column":41}}],"line":51},"5":{"loc":{"start":{"line":63,"column":4},"end":{"line":65,"column":5}},"type":"if","locations":[{"start":{"line":63,"column":4},"end":{"line":65,"column":5}},{"start":{},"end":{}}],"line":63}},"s":{"0":2,"1":4,"2":4,"3":4,"4":4,"5":9,"6":4,"7":5,"8":7,"9":7,"10":5,"11":4,"12":4,"13":5,"14":5,"15":3,"16":3,"17":3,"18":3,"19":9,"20":2,"21":3,"22":3,"23":1},"f":{"0":2,"1":4,"2":4,"3":4,"4":4,"5":9,"6":7,"7":7,"8":5,"9":4,"10":4,"11":5,"12":5,"13":3,"14":3},"b":{"0":[4,2],"1":[4,2],"2":[4,2],"3":[4,5],"4":[5,3],"5":[2,7]},"_coverageSchema":"1a1c01bbd47fc00a2c39e90264f33305004495a9","hash":"569d6b100bbd2ad6640144f2c26e24a0aee989d9"}
,"/home/giles/Projects/javascript-basics/src/numbers.js": {"path":"/home/giles/Projects/javascript-basics/src/numbers.js","statementMap":{"0":{"start":{"line":2,"column":2},"end":{"line":2,"column":15}},"1":{"start":{"line":6,"column":2},"end":{"line":6,"column":15}},"2":{"start":{"line":10,"column":2},"end":{"line":10,"column":15}},"3":{"start":{"line":14,"column":2},"end":{"line":14,"column":15}},"4":{"start":{"line":18,"column":2},"end":{"line":18,"column":16}},"5":{"start":{"line":22,"column":2},"end":{"line":22,"column":23}},"6":{"start":{"line":26,"column":2},"end":{"line":26,"column":22}},"7":{"start":{"line":30,"column":2},"end":{"line":30,"column":23}},"8":{"start":{"line":34,"column":2},"end":{"line":34,"column":21}},"9":{"start":{"line":39,"column":2},"end":{"line":44,"column":3}},"10":{"start":{"line":40,"column":4},"end":{"line":40,"column":33}},"11":{"start":{"line":43,"column":4},"end":{"line":43,"column":32}},"12":{"start":{"line":45,"column":2},"end":{"line":45,"column":18}},"13":{"start":{"line":49,"column":2},"end":{"line":49,"column":15}},"14":{"start":{"line":52,"column":0},"end":{"line":64,"column":1}}},"fnMap":{"0":{"name":"add","decl":{"start":{"line":1,"column":9},"end":{"line":1,"column":12}},"loc":{"start":{"line":1,"column":20},"end":{"line":3,"column":1}},"line":1},"1":{"name":"subtract","decl":{"start":{"line":5,"column":9},"end":{"line":5,"column":17}},"loc":{"start":{"line":5,"column":25},"end":{"line":7,"column":1}},"line":5},"2":{"name":"multiply","decl":{"start":{"line":9,"column":9},"end":{"line":9,"column":17}},"loc":{"start":{"line":9,"column":25},"end":{"line":11,"column":1}},"line":9},"3":{"name":"divide","decl":{"start":{"line":13,"column":9},"end":{"line":13,"column":15}},"loc":{"start":{"line":13,"column":23},"end":{"line":15,"column":1}},"line":13},"4":{"name":"power","decl":{"start":{"line":17,"column":9},"end":{"line":17,"column":14}},"loc":{"start":{"line":17,"column":22},"end":{"line":19,"column":1}},"line":17},"5":{"name":"round","decl":{"start":{"line":21,"column":9},"end":{"line":21,"column":14}},"loc":{"start":{"line":21,"column":19},"end":{"line":23,"column":1}},"line":21},"6":{"name":"roundUp","decl":{"start":{"line":25,"column":9},"end":{"line":25,"column":16}},"loc":{"start":{"line":25,"column":21},"end":{"line":27,"column":1}},"line":25},"7":{"name":"roundDown","decl":{"start":{"line":29,"column":9},"end":{"line":29,"column":18}},"loc":{"start":{"line":29,"column":23},"end":{"line":31,"column":1}},"line":29},"8":{"name":"absolute","decl":{"start":{"line":33,"column":9},"end":{"line":33,"column":17}},"loc":{"start":{"line":33,"column":22},"end":{"line":35,"column":1}},"line":33},"9":{"name":"quotient","decl":{"start":{"line":37,"column":9},"end":{"line":37,"column":17}},"loc":{"start":{"line":37,"column":25},"end":{"line":46,"column":1}},"line":37},"10":{"name":"remainder","decl":{"start":{"line":48,"column":9},"end":{"line":48,"column":18}},"loc":{"start":{"line":48,"column":26},"end":{"line":50,"column":1}},"line":48}},"branchMap":{"0":{"loc":{"start":{"line":39,"column":2},"end":{"line":44,"column":3}},"type":"if","locations":[{"start":{"line":39,"column":2},"end":{"line":44,"column":3}},{"start":{"line":42,"column":7},"end":{"line":44,"column":3}}],"line":39},"1":{"loc":{"start":{"line":39,"column":6},"end":{"line":39,"column":20}},"type":"binary-expr","locations":[{"start":{"line":39,"column":6},"end":{"line":39,"column":11}},{"start":{"line":39,"column":15},"end":{"line":39,"column":20}}],"line":39}},"s":{"0":4,"1":5,"2":3,"3":4,"4":3,"5":3,"6":3,"7":3,"8":3,"9":4,"10":3,"11":1,"12":4,"13":4,"14":1},"f":{"0":4,"1":5,"2":3,"3":4,"4":3,"5":3,"6":3,"7":3,"8":3,"9":4,"10":4},"b":{"0":[3,1],"1":[4,3]},"_coverageSchema":"1a1c01bbd47fc00a2c39e90264f33305004495a9","hash":"8ac8b4b1d2370fa5b3823d3294844aa195fb43a6"}
,"/home/giles/Projects/javascript-basics/src/objects.js": {"path":"/home/giles/Projects/javascript-basics/src/objects.js","statementMap":{"0":{"start":{"line":1,"column":21},"end":{"line":3,"column":1}},"1":{"start":{"line":2,"column":2},"end":{"line":2,"column":21}},"2":{"start":{"line":5,"column":16},"end":{"line":7,"column":1}},"3":{"start":{"line":6,"column":2},"end":{"line":6,"column":21}},"4":{"start":{"line":9,"column":20},"end":{"line":11,"column":1}},"5":{"start":{"line":10,"column":2},"end":{"line":10,"column":26}},"6":{"start":{"line":13,"column":20},"end":{"line":15,"column":1}},"7":{"start":{"line":14,"column":2},"end":{"line":14,"column":31}},"8":{"start":{"line":17,"column":17},"end":{"line":19,"column":1}},"9":{"start":{"line":18,"column":2},"end":{"line":18,"column":25}},"10":{"start":{"line":21,"column":16},"end":{"line":23,"column":1}},"11":{"start":{"line":25,"column":19},"end":{"line":27,"column":1}},"12":{"start":{"line":29,"column":19},"end":{"line":31,"column":1}},"13":{"start":{"line":33,"column":19},"end":{"line":35,"column":1}},"14":{"start":{"line":37,"column":28},"end":{"line":39,"column":1}},"15":{"start":{"line":41,"column":0},"end":{"line":52,"column":2}}},"fnMap":{"0":{"name":"(anonymous_0)","decl":{"start":{"line":1,"column":21},"end":{"line":1,"column":22}},"loc":{"start":{"line":1,"column":36},"end":{"line":3,"column":1}},"line":1},"1":{"name":"(anonymous_1)","decl":{"start":{"line":5,"column":16},"end":{"line":5,"column":17}},"loc":{"start":{"line":5,"column":26},"end":{"line":7,"column":1}},"line":5},"2":{"name":"(anonymous_2)","decl":{"start":{"line":9,"column":20},"end":{"line":9,"column":21}},"loc":{"start":{"line":9,"column":42},"end":{"line":11,"column":1}},"line":9},"3":{"name":"(anonymous_3)","decl":{"start":{"line":13,"column":20},"end":{"line":13,"column":21}},"loc":{"start":{"line":13,"column":42},"end":{"line":15,"column":1}},"line":13},"4":{"name":"(anonymous_4)","decl":{"start":{"line":17,"column":17},"end":{"line":17,"column":18}},"loc":{"start":{"line":17,"column":27},"end":{"line":19,"column":1}},"line":17},"5":{"name":"(anonymous_5)","decl":{"start":{"line":21,"column":16},"end":{"line":21,"column":17}},"loc":{"start":{"line":21,"column":26},"end":{"line":23,"column":1}},"line":21},"6":{"name":"(anonymous_6)","decl":{"start":{"line":25,"column":19},"end":{"line":25,"column":20}},"loc":{"start":{"line":25,"column":37},"end":{"line":27,"column":1}},"line":25},"7":{"name":"(anonymous_7)","decl":{"start":{"line":29,"column":19},"end":{"line":29,"column":20}},"loc":{"start":{"line":29,"column":27},"end":{"line":31,"column":1}},"line":29},"8":{"name":"(anonymous_8)","decl":{"start":{"line":33,"column":19},"end":{"line":33,"column":20}},"loc":{"start":{"line":33,"column":29},"end":{"line":35,"column":1}},"line":33},"9":{"name":"(anonymous_9)","decl":{"start":{"line":37,"column":28},"end":{"line":37,"column":29}},"loc":{"start":{"line":37,"column":43},"end":{"line":39,"column":1}},"line":37}},"branchMap":{},"s":{"0":1,"1":2,"2":1,"3":2,"4":1,"5":2,"6":1,"7":4,"8":1,"9":3,"10":1,"11":1,"12":1,"13":1,"14":1,"15":1},"f":{"0":2,"1":2,"2":2,"3":4,"4":3,"5":0,"6":0,"7":0,"8":0,"9":0},"b":{},"_coverageSchema":"1a1c01bbd47fc00a2c39e90264f33305004495a9","hash":"057e7c4b1bb8ac188bf64ecd6fe72e67ce92774f"}
,"/home/giles/Projects/javascript-basics/src/strings.js": {"path":"/home/giles/Projects/javascript-basics/src/strings.js","statementMap":{"0":{"start":{"line":2,"column":2},"end":{"line":2,"column":34}},"1":{"start":{"line":6,"column":2},"end":{"line":6,"column":30}},"2":{"start":{"line":10,"column":2},"end":{"line":10,"column":30}},"3":{"start":{"line":14,"column":2},"end":{"line":14,"column":23}},"4":{"start":{"line":18,"column":2},"end":{"line":18,"column":28}},"5":{"start":{"line":22,"column":2},"end":{"line":22,"column":28}},"6":{"start":{"line":25,"column":0},"end":{"line":32,"column":2}}},"fnMap":{"0":{"name":"sayHello","decl":{"start":{"line":1,"column":9},"end":{"line":1,"column":17}},"loc":{"start":{"line":1,"column":27},"end":{"line":3,"column":1}},"line":1},"1":{"name":"uppercase","decl":{"start":{"line":5,"column":9},"end":{"line":5,"column":18}},"loc":{"start":{"line":5,"column":28},"end":{"line":7,"column":1}},"line":5},"2":{"name":"lowercase","decl":{"start":{"line":9,"column":9},"end":{"line":9,"column":18}},"loc":{"start":{"line":9,"column":28},"end":{"line":11,"column":1}},"line":9},"3":{"name":"countCharacters","decl":{"start":{"line":13,"column":9},"end":{"line":13,"column":24}},"loc":{"start":{"line":13,"column":34},"end":{"line":15,"column":1}},"line":13},"4":{"name":"firstCharacter","decl":{"start":{"line":17,"column":9},"end":{"line":17,"column":23}},"loc":{"start":{"line":17,"column":33},"end":{"line":19,"column":1}},"line":17},"5":{"name":"firstCharacters","decl":{"start":{"line":21,"column":9},"end":{"line":21,"column":24}},"loc":{"start":{"line":21,"column":37},"end":{"line":23,"column":1}},"line":21}},"branchMap":{},"s":{"0":3,"1":3,"2":3,"3":3,"4":3,"5":2,"6":1},"f":{"0":3,"1":3,"2":3,"3":3,"4":3,"5":2},"b":{},"_coverageSchema":"1a1c01bbd47fc00a2c39e90264f33305004495a9","hash":"32cbcca00a2b3f545ee49b65e73d290e109f9063"}
}
