TN:
SF:src/arrays.js
FN:1,(anonymous_0)
FN:5,(anonymous_1)
FN:9,(anonymous_2)
FN:13,(anonymous_3)
FN:17,(anonymous_4)
FN:21,(anonymous_5)
FN:25,(anonymous_6)
FN:32,(anonymous_7)
FN:39,(anonymous_8)
FN:46,(anonymous_9)
FN:57,(anonymous_10)
FN:63,(anonymous_11)
FN:73,(anonymous_12)
FN:76,(anonymous_13)
FN:80,(anonymous_14)
FN:82,(anonymous_15)
FN:85,(anonymous_16)
FN:86,CompFn
FNF:18
FNH:18
FNDA:5,(anonymous_0)
FNDA:2,(anonymous_1)
FNDA:2,(anonymous_2)
FNDA:2,(anonymous_3)
FNDA:2,(anonymous_4)
FNDA:2,(anonymous_5)
FNDA:2,(anonymous_6)
FNDA:2,(anonymous_7)
FNDA:2,(anonymous_8)
FNDA:2,(anonymous_9)
FNDA:2,(anonymous_10)
FNDA:4,(anonymous_11)
FNDA:14,(anonymous_12)
FNDA:2,(anonymous_13)
FNDA:2,(anonymous_14)
FNDA:9,(anonymous_15)
FNDA:2,(anonymous_16)
FNDA:11,CompFn
DA:1,1
DA:2,5
DA:5,1
DA:6,2
DA:9,1
DA:10,2
DA:13,1
DA:14,2
DA:17,1
DA:18,2
DA:21,1
DA:22,2
DA:25,1
DA:26,2
DA:27,6
DA:29,2
DA:32,1
DA:33,2
DA:34,6
DA:36,2
DA:39,1
DA:40,2
DA:41,6
DA:43,2
DA:46,1
DA:47,2
DA:48,9
DA:51,8
DA:54,2
DA:57,1
DA:58,2
DA:59,2
DA:60,2
DA:63,1
DA:64,4
DA:65,4
DA:66,58
DA:69,44
DA:70,44
DA:73,14
DA:76,1
DA:77,2
DA:80,1
DA:81,2
DA:82,9
DA:85,1
DA:87,11
DA:89,2
DA:92,1
LF:49
LH:49
BRDA:48,0,0,1
BRDA:48,0,1,8
BRDA:66,1,0,14
BRDA:66,1,1,44
BRF:4
BRH:4
end_of_record
TN:
SF:src/booleans.js
FN:1,negate
FN:5,both
FN:9,either
FN:13,none
FN:17,one
FN:21,truthiness
FN:30,isEqual
FN:34,isGreaterThan
FN:38,isLessThanOrEqualTo
FN:42,isOdd
FN:46,isEven
FN:50,isSquare
FN:54,startsWith
FN:58,containsVowels
FN:70,isLowerCase
FNF:15
FNH:15
FNDA:2,negate
FNDA:4,both
FNDA:4,either
FNDA:4,none
FNDA:4,one
FNDA:9,truthiness
FNDA:7,isEqual
FNDA:7,isGreaterThan
FNDA:5,isLessThanOrEqualTo
FNDA:4,isOdd
FNDA:4,isEven
FNDA:5,isSquare
FNDA:5,startsWith
FNDA:3,containsVowels
FNDA:3,isLowerCase
DA:2,2
DA:6,4
DA:10,4
DA:14,4
DA:18,4
DA:22,9
DA:23,4
DA:26,5
DA:31,7
DA:35,7
DA:39,5
DA:43,4
DA:47,4
DA:51,5
DA:55,5
DA:59,3
DA:60,3
DA:61,3
DA:62,3
DA:63,9
DA:64,2
DA:67,3
DA:71,3
DA:74,1
LF:24
LH:24
BRDA:6,0,0,4
BRDA:6,0,1,2
BRDA:10,1,0,4
BRDA:10,1,1,2
BRDA:14,2,0,4
BRDA:14,2,1,2
BRDA:22,3,0,4
BRDA:22,3,1,5
BRDA:51,4,0,5
BRDA:51,4,1,3
BRDA:63,5,0,2
BRDA:63,5,1,7
BRF:12
BRH:12
end_of_record
TN:
SF:src/numbers.js
FN:1,add
FN:5,subtract
FN:9,multiply
FN:13,divide
FN:17,power
FN:21,round
FN:25,roundUp
FN:29,roundDown
FN:33,absolute
FN:37,quotient
FN:48,remainder
FNF:11
FNH:11
FNDA:4,add
FNDA:5,subtract
FNDA:3,multiply
FNDA:4,divide
FNDA:3,power
FNDA:3,round
FNDA:3,roundUp
FNDA:3,roundDown
FNDA:3,absolute
FNDA:4,quotient
FNDA:4,remainder
DA:2,4
DA:6,5
DA:10,3
DA:14,4
DA:18,3
DA:22,3
DA:26,3
DA:30,3
DA:34,3
DA:39,4
DA:40,3
DA:43,1
DA:45,4
DA:49,4
DA:52,1
LF:15
LH:15
BRDA:39,0,0,3
BRDA:39,0,1,1
BRDA:39,1,0,4
BRDA:39,1,1,3
BRF:4
BRH:4
end_of_record
TN:
SF:src/objects.js
FN:1,(anonymous_0)
FN:5,(anonymous_1)
FN:9,(anonymous_2)
FN:13,(anonymous_3)
FN:17,(anonymous_4)
FN:21,(anonymous_5)
FN:25,(anonymous_6)
FN:29,(anonymous_7)
FN:33,(anonymous_8)
FN:37,(anonymous_9)
FNF:10
FNH:5
FNDA:2,(anonymous_0)
FNDA:2,(anonymous_1)
FNDA:2,(anonymous_2)
FNDA:4,(anonymous_3)
FNDA:3,(anonymous_4)
FNDA:0,(anonymous_5)
FNDA:0,(anonymous_6)
FNDA:0,(anonymous_7)
FNDA:0,(anonymous_8)
FNDA:0,(anonymous_9)
DA:1,1
DA:2,2
DA:5,1
DA:6,2
DA:9,1
DA:10,2
DA:13,1
DA:14,4
DA:17,1
DA:18,3
DA:21,1
DA:25,1
DA:29,1
DA:33,1
DA:37,1
DA:41,1
LF:16
LH:16
BRF:0
BRH:0
end_of_record
TN:
SF:src/strings.js
FN:1,sayHello
FN:5,uppercase
FN:9,lowercase
FN:13,countCharacters
FN:17,firstCharacter
FN:21,firstCharacters
FNF:6
FNH:6
FNDA:3,sayHello
FNDA:3,uppercase
FNDA:3,lowercase
FNDA:3,countCharacters
FNDA:3,firstCharacter
FNDA:2,firstCharacters
DA:2,3
DA:6,3
DA:10,3
DA:14,3
DA:18,3
DA:22,2
DA:25,1
LF:7
LH:7
BRF:0
BRH:0
end_of_record
